2022-02-14 01:18:19,198 INFO 50363 [egg-logrotator] app logger reload: got log-reload message
2022-02-14 03:18:30,395 WARN 50363 [TCPBase] socket is closed by other side while there were still unhandled data in the socket buffer
2022-02-14 03:18:30,397 WARN 50363 [ClusterClient:Watcher] follower closed, and try to init it again
2022-02-14 03:45:28,877 WARN 50363 [TCPBase] socket is closed by other side while there were still unhandled data in the socket buffer
2022-02-14 03:45:28,924 WARN 50363 [ClusterClient:Watcher] follower closed, and try to init it again
2022-02-14 05:46:06,645 WARN 50363 [TCPBase] socket is closed by other side while there were still unhandled data in the socket buffer
2022-02-14 05:46:06,658 WARN 50363 [ClusterClient:Watcher] follower closed, and try to init it again
2022-02-14 05:46:07,017 INFO 50363 [-/127.0.0.1/-/67ms SCHEDULE /__schedule?path=/Users/feiyyx/Desktop/development/blogv2/node_modules/egg-multipart/app/schedule/clean_tmpdir.js&type=worker&cron=0%2030%204%20*%20*%20*&disable=false&immediate=false] [egg-multipart:CleanTmpdir] start clean tmpdir: "/var/folders/xw/r4k841s50h1bwwn7sj6m6wfr0000gn/T/egg-multipart-tmp/blogv2"
2022-02-14 05:46:07,035 INFO 50363 [-/127.0.0.1/-/88ms SCHEDULE /__schedule?path=/Users/feiyyx/Desktop/development/blogv2/node_modules/egg-multipart/app/schedule/clean_tmpdir.js&type=worker&cron=0%2030%204%20*%20*%20*&disable=false&immediate=false] [egg-multipart:CleanTmpdir] end
2022-02-14 07:46:19,680 WARN 50363 [TCPBase] socket is closed by other side while there were still unhandled data in the socket buffer
2022-02-14 07:46:19,683 WARN 50363 [ClusterClient:Watcher] follower closed, and try to init it again
2022-02-14 08:00:02,937 WARN 50363 [TCPBase] socket is closed by other side while there were still unhandled data in the socket buffer
2022-02-14 08:00:02,973 WARN 50363 [ClusterClient:Watcher] follower closed, and try to init it again
2022-02-14 10:00:32,013 WARN 50363 [TCPBase] socket is closed by other side while there were still unhandled data in the socket buffer
2022-02-14 10:00:32,013 WARN 50363 [ClusterClient:Watcher] follower closed, and try to init it again
2022-02-14 12:00:44,150 WARN 50363 [TCPBase] socket is closed by other side while there were still unhandled data in the socket buffer
2022-02-14 12:00:44,151 WARN 50363 [ClusterClient:Watcher] follower closed, and try to init it again
2022-02-14 14:00:54,021 WARN 50363 [TCPBase] socket is closed by other side while there were still unhandled data in the socket buffer
2022-02-14 14:00:54,021 WARN 50363 [ClusterClient:Watcher] follower closed, and try to init it again
2022-02-14 16:01:05,016 WARN 50363 [TCPBase] socket is closed by other side while there were still unhandled data in the socket buffer
2022-02-14 16:01:05,016 WARN 50363 [ClusterClient:Watcher] follower closed, and try to init it again
2022-02-14 18:01:17,167 WARN 50363 [TCPBase] socket is closed by other side while there were still unhandled data in the socket buffer
2022-02-14 18:01:17,168 WARN 50363 [ClusterClient:Watcher] follower closed, and try to init it again
2022-02-14 20:01:27,007 WARN 50363 [TCPBase] socket is closed by other side while there were still unhandled data in the socket buffer
2022-02-14 20:01:27,008 WARN 50363 [ClusterClient:Watcher] follower closed, and try to init it again
2022-02-14 21:18:25,005 WARN 50363 [TCPBase] socket is closed by other side while there were still unhandled data in the socket buffer
2022-02-14 21:18:25,006 WARN 50363 [ClusterClient:Watcher] follower closed, and try to init it again
2022-02-14 22:20:41,015 WARN 50363 [TCPBase] socket is closed by other side while there were still unhandled data in the socket buffer
2022-02-14 22:20:41,016 WARN 50363 [ClusterClient:Watcher] follower closed, and try to init it again
2022-02-14 22:28:30,011 WARN 50363 [TCPBase] socket is closed by other side while there were still unhandled data in the socket buffer
2022-02-14 22:28:30,011 WARN 50363 [ClusterClient:Watcher] follower closed, and try to init it again
2022-02-14 22:34:55,008 WARN 50363 [TCPBase] socket is closed by other side while there were still unhandled data in the socket buffer
2022-02-14 22:34:55,010 WARN 50363 [ClusterClient:Watcher] follower closed, and try to init it again
2022-02-14 22:36:52,489 INFO 51800 [egg:logger] init all loggers with options: {"dir":"/Users/feiyyx/Desktop/development/blogv2/logs/blogv2","encoding":"utf8","env":"local","level":"INFO","consoleLevel":"INFO","disableConsoleAfterReady":false,"outputJSON":false,"buffer":true,"appLogName":"blogv2-web.log","coreLogName":"egg-web.log","agentLogName":"egg-agent.log","errorLogName":"common-error.log","coreLogger":{"consoleLevel":"WARN"},"allowDebugAtProd":false,"enablePerformanceTimer":false,"type":"application"}
2022-02-14 22:36:52,514 INFO 51800 [egg-multipart] stream mode enable
2022-02-14 22:36:52,582 INFO 51800 [egg-static] starting static serve /public/ -> /Users/feiyyx/Desktop/development/blogv2/app/public
2022-02-14 22:36:52,584 INFO 51800 [egg-security] use csrf middleware
2022-02-14 22:36:52,585 INFO 51800 [egg-security] use methodnoallow middleware
2022-02-14 22:36:52,585 INFO 51800 [egg-security] use noopen middleware
2022-02-14 22:36:52,586 INFO 51800 [egg-security] use nosniff middleware
2022-02-14 22:36:52,586 INFO 51800 [egg-security] use xssProtection middleware
2022-02-14 22:36:52,586 INFO 51800 [egg-security] use xframe middleware
2022-02-14 22:36:52,587 INFO 51800 [egg-security] use dta middleware
2022-02-14 22:36:52,587 INFO 51800 [egg-security] compose 7 middlewares into one security middleware
2022-02-14 22:36:53,767 INFO 51800 [egg:core] dump config after load, 4ms
2022-02-14 22:36:53,782 INFO 51800 [egg-watcher:application] watcher start success
2022-02-14 22:36:53,789 INFO 51800 [egg:core] dump config after ready, 5ms
2022-02-14 22:37:00,248 INFO 51800 [egg-view-nunjucks] loading templates from ["/Users/feiyyx/Desktop/development/blogv2/app/view"]
2022-02-14 23:17:51,972 INFO 52444 [egg:logger] init all loggers with options: {"dir":"/Users/feiyyx/Desktop/development/blogv2/logs/blogv2","encoding":"utf8","env":"local","level":"INFO","consoleLevel":"INFO","disableConsoleAfterReady":false,"outputJSON":false,"buffer":true,"appLogName":"blogv2-web.log","coreLogName":"egg-web.log","agentLogName":"egg-agent.log","errorLogName":"common-error.log","coreLogger":{"consoleLevel":"WARN"},"allowDebugAtProd":false,"enablePerformanceTimer":false,"type":"application"}
2022-02-14 23:17:52,000 INFO 52444 [egg-multipart] stream mode enable
2022-02-14 23:17:52,110 INFO 52444 [egg-static] starting static serve /public/ -> /Users/feiyyx/Desktop/development/blogv2/app/public
2022-02-14 23:17:52,113 INFO 52444 [egg-security] use csrf middleware
2022-02-14 23:17:52,116 INFO 52444 [egg-security] use methodnoallow middleware
2022-02-14 23:17:52,117 INFO 52444 [egg-security] use noopen middleware
2022-02-14 23:17:52,124 INFO 52444 [egg-security] use nosniff middleware
2022-02-14 23:17:52,124 INFO 52444 [egg-security] use xssProtection middleware
2022-02-14 23:17:52,125 INFO 52444 [egg-security] use xframe middleware
2022-02-14 23:17:52,126 INFO 52444 [egg-security] use dta middleware
2022-02-14 23:17:52,126 INFO 52444 [egg-security] compose 7 middlewares into one security middleware
2022-02-14 23:17:54,041 INFO 52444 [egg:core] dump config after load, 5ms
2022-02-14 23:17:54,056 INFO 52444 [egg-watcher:application] watcher start success
2022-02-14 23:17:54,063 INFO 52444 [egg:core] dump config after ready, 5ms
2022-02-14 23:17:56,300 INFO 52444 [egg-view-nunjucks] loading templates from ["/Users/feiyyx/Desktop/development/blogv2/app/view"]
2022-02-14 23:18:53,637 INFO 52467 [egg:logger] init all loggers with options: {"dir":"/Users/feiyyx/Desktop/development/blogv2/logs/blogv2","encoding":"utf8","env":"local","level":"INFO","consoleLevel":"INFO","disableConsoleAfterReady":false,"outputJSON":false,"buffer":true,"appLogName":"blogv2-web.log","coreLogName":"egg-web.log","agentLogName":"egg-agent.log","errorLogName":"common-error.log","coreLogger":{"consoleLevel":"WARN"},"allowDebugAtProd":false,"enablePerformanceTimer":false,"type":"application"}
2022-02-14 23:18:53,663 INFO 52467 [egg-multipart] stream mode enable
2022-02-14 23:18:53,755 INFO 52467 [egg-static] starting static serve /public/ -> /Users/feiyyx/Desktop/development/blogv2/app/public
2022-02-14 23:18:53,758 INFO 52467 [egg-security] use csrf middleware
2022-02-14 23:18:53,759 INFO 52467 [egg-security] use methodnoallow middleware
2022-02-14 23:18:53,759 INFO 52467 [egg-security] use noopen middleware
2022-02-14 23:18:53,760 INFO 52467 [egg-security] use nosniff middleware
2022-02-14 23:18:53,761 INFO 52467 [egg-security] use xssProtection middleware
2022-02-14 23:18:53,761 INFO 52467 [egg-security] use xframe middleware
2022-02-14 23:18:53,761 INFO 52467 [egg-security] use dta middleware
2022-02-14 23:18:53,761 INFO 52467 [egg-security] compose 7 middlewares into one security middleware
2022-02-14 23:18:54,994 INFO 52467 [egg:core] dump config after load, 4ms
2022-02-14 23:18:55,005 INFO 52467 [egg-watcher:application] watcher start success
2022-02-14 23:18:55,011 INFO 52467 [egg:core] dump config after ready, 4ms
2022-02-14 23:19:24,329 INFO 52488 [egg:logger] init all loggers with options: {"dir":"/Users/feiyyx/Desktop/development/blogv2/logs/blogv2","encoding":"utf8","env":"local","level":"INFO","consoleLevel":"INFO","disableConsoleAfterReady":false,"outputJSON":false,"buffer":true,"appLogName":"blogv2-web.log","coreLogName":"egg-web.log","agentLogName":"egg-agent.log","errorLogName":"common-error.log","coreLogger":{"consoleLevel":"WARN"},"allowDebugAtProd":false,"enablePerformanceTimer":false,"type":"application"}
2022-02-14 23:19:24,357 INFO 52488 [egg-multipart] stream mode enable
2022-02-14 23:19:24,450 INFO 52488 [egg-static] starting static serve /public/ -> /Users/feiyyx/Desktop/development/blogv2/app/public
2022-02-14 23:19:24,452 INFO 52488 [egg-security] use csrf middleware
2022-02-14 23:19:24,453 INFO 52488 [egg-security] use methodnoallow middleware
2022-02-14 23:19:24,453 INFO 52488 [egg-security] use noopen middleware
2022-02-14 23:19:24,454 INFO 52488 [egg-security] use nosniff middleware
2022-02-14 23:19:24,454 INFO 52488 [egg-security] use xssProtection middleware
2022-02-14 23:19:24,455 INFO 52488 [egg-security] use xframe middleware
2022-02-14 23:19:24,455 INFO 52488 [egg-security] use dta middleware
2022-02-14 23:19:24,456 INFO 52488 [egg-security] compose 7 middlewares into one security middleware
2022-02-14 23:19:24,478 INFO 52488 [egg:core] dump config after load, 4ms
2022-02-14 23:19:24,488 INFO 52488 [egg-watcher:application] watcher start success
2022-02-14 23:19:24,494 INFO 52488 [egg:core] dump config after ready, 4ms
2022-02-14 23:19:25,839 INFO 52488 [egg-view-nunjucks] loading templates from ["/Users/feiyyx/Desktop/development/blogv2/app/view"]
2022-02-15 21:41:49,786 INFO 56793 [egg:logger] init all loggers with options: {"dir":"/Users/feiyyx/Desktop/development/blog/logs/blogv2","encoding":"utf8","env":"local","level":"INFO","consoleLevel":"INFO","disableConsoleAfterReady":false,"outputJSON":false,"buffer":true,"appLogName":"blogv2-web.log","coreLogName":"egg-web.log","agentLogName":"egg-agent.log","errorLogName":"common-error.log","coreLogger":{"consoleLevel":"WARN"},"allowDebugAtProd":false,"enablePerformanceTimer":false,"type":"application"}
2022-02-15 21:41:49,810 INFO 56793 [egg-multipart] stream mode enable
2022-02-15 21:41:51,093 INFO 56793 [egg-static] starting static serve /public/ -> /Users/feiyyx/Desktop/development/blog/app/public
2022-02-15 21:41:51,095 INFO 56793 [egg-security] use csrf middleware
2022-02-15 21:41:51,096 INFO 56793 [egg-security] use methodnoallow middleware
2022-02-15 21:41:51,096 INFO 56793 [egg-security] use noopen middleware
2022-02-15 21:41:51,097 INFO 56793 [egg-security] use nosniff middleware
2022-02-15 21:41:51,097 INFO 56793 [egg-security] use xssProtection middleware
2022-02-15 21:41:51,098 INFO 56793 [egg-security] use xframe middleware
2022-02-15 21:41:51,098 INFO 56793 [egg-security] use dta middleware
2022-02-15 21:41:51,098 INFO 56793 [egg-security] compose 7 middlewares into one security middleware
2022-02-15 21:41:51,285 INFO 56793 [egg:core] dump config after load, 8ms
