2022-02-14 03:18:30,277 ERROR 50092 nodejs.ClusterClientNoResponseError: client no response in 7210779ms exceeding maxIdleTime 60000ms, maybe the connection is close on other side.
    at Timeout._onTimeout (/Users/feiyyx/Desktop/development/blogv2/node_modules/cluster-client/lib/leader.js:77:23)
    at listOnTimeout (node:internal/timers:557:17)
    at processTimers (node:internal/timers:500:7)
name: "ClusterClientNoResponseError"
pid: 50092
hostname: feiyiyangdeMacBook-Pro.local

2022-02-14 03:45:28,853 ERROR 50092 nodejs.ClusterClientNoResponseError: client no response in 1617966ms exceeding maxIdleTime 60000ms, maybe the connection is close on other side.
    at Timeout._onTimeout (/Users/feiyyx/Desktop/development/blogv2/node_modules/cluster-client/lib/leader.js:77:23)
    at listOnTimeout (node:internal/timers:557:17)
    at processTimers (node:internal/timers:500:7)
name: "ClusterClientNoResponseError"
pid: 50092
hostname: feiyiyangdeMacBook-Pro.local

2022-02-14 05:46:06,988 ERROR 50092 nodejs.ClusterClientNoResponseError: client no response in 7197343ms exceeding maxIdleTime 60000ms, maybe the connection is close on other side.
    at Timeout._onTimeout (/Users/feiyyx/Desktop/development/blogv2/node_modules/cluster-client/lib/leader.js:77:23)
    at listOnTimeout (node:internal/timers:557:17)
    at processTimers (node:internal/timers:500:7)
name: "ClusterClientNoResponseError"
pid: 50092
hostname: feiyiyangdeMacBook-Pro.local

2022-02-14 07:46:19,699 ERROR 50092 nodejs.ClusterClientNoResponseError: client no response in 7212422ms exceeding maxIdleTime 60000ms, maybe the connection is close on other side.
    at Timeout._onTimeout (/Users/feiyyx/Desktop/development/blogv2/node_modules/cluster-client/lib/leader.js:77:23)
    at listOnTimeout (node:internal/timers:557:17)
    at processTimers (node:internal/timers:500:7)
name: "ClusterClientNoResponseError"
pid: 50092
hostname: feiyiyangdeMacBook-Pro.local

2022-02-14 08:00:03,064 ERROR 50092 nodejs.ClusterClientNoResponseError: client no response in 822781ms exceeding maxIdleTime 60000ms, maybe the connection is close on other side.
    at Timeout._onTimeout (/Users/feiyyx/Desktop/development/blogv2/node_modules/cluster-client/lib/leader.js:77:23)
    at listOnTimeout (node:internal/timers:557:17)
    at processTimers (node:internal/timers:500:7)
name: "ClusterClientNoResponseError"
pid: 50092
hostname: feiyiyangdeMacBook-Pro.local

2022-02-14 10:00:32,013 ERROR 50092 nodejs.ClusterClientNoResponseError: client no response in 7208914ms exceeding maxIdleTime 60000ms, maybe the connection is close on other side.
    at Timeout._onTimeout (/Users/feiyyx/Desktop/development/blogv2/node_modules/cluster-client/lib/leader.js:77:23)
    at listOnTimeout (node:internal/timers:557:17)
    at processTimers (node:internal/timers:500:7)
name: "ClusterClientNoResponseError"
pid: 50092
hostname: feiyiyangdeMacBook-Pro.local

2022-02-14 12:00:43,027 ERROR 50092 nodejs.ClusterClientNoResponseError: client no response in 7209848ms exceeding maxIdleTime 60000ms, maybe the connection is close on other side.
    at Timeout._onTimeout (/Users/feiyyx/Desktop/development/blogv2/node_modules/cluster-client/lib/leader.js:77:23)
    at listOnTimeout (node:internal/timers:557:17)
    at processTimers (node:internal/timers:500:7)
name: "ClusterClientNoResponseError"
pid: 50092
hostname: feiyiyangdeMacBook-Pro.local

2022-02-14 14:00:54,021 ERROR 50092 nodejs.ClusterClientNoResponseError: client no response in 7209844ms exceeding maxIdleTime 60000ms, maybe the connection is close on other side.
    at Timeout._onTimeout (/Users/feiyyx/Desktop/development/blogv2/node_modules/cluster-client/lib/leader.js:77:23)
    at listOnTimeout (node:internal/timers:557:17)
    at processTimers (node:internal/timers:500:7)
name: "ClusterClientNoResponseError"
pid: 50092
hostname: feiyiyangdeMacBook-Pro.local

2022-02-14 16:01:05,016 ERROR 50092 nodejs.ClusterClientNoResponseError: client no response in 7209849ms exceeding maxIdleTime 60000ms, maybe the connection is close on other side.
    at Timeout._onTimeout (/Users/feiyyx/Desktop/development/blogv2/node_modules/cluster-client/lib/leader.js:77:23)
    at listOnTimeout (node:internal/timers:557:17)
    at processTimers (node:internal/timers:500:7)
name: "ClusterClientNoResponseError"
pid: 50092
hostname: feiyiyangdeMacBook-Pro.local

2022-02-14 18:01:17,168 ERROR 50092 nodejs.ClusterClientNoResponseError: client no response in 7209853ms exceeding maxIdleTime 60000ms, maybe the connection is close on other side.
    at Timeout._onTimeout (/Users/feiyyx/Desktop/development/blogv2/node_modules/cluster-client/lib/leader.js:77:23)
    at listOnTimeout (node:internal/timers:557:17)
    at processTimers (node:internal/timers:500:7)
name: "ClusterClientNoResponseError"
pid: 50092
hostname: feiyiyangdeMacBook-Pro.local

2022-02-14 20:01:27,015 ERROR 50092 nodejs.ClusterClientNoResponseError: client no response in 7209837ms exceeding maxIdleTime 60000ms, maybe the connection is close on other side.
    at Timeout._onTimeout (/Users/feiyyx/Desktop/development/blogv2/node_modules/cluster-client/lib/leader.js:77:23)
    at listOnTimeout (node:internal/timers:557:17)
    at processTimers (node:internal/timers:500:7)
name: "ClusterClientNoResponseError"
pid: 50092
hostname: feiyiyangdeMacBook-Pro.local

2022-02-14 21:18:25,015 ERROR 50092 nodejs.ClusterClientNoResponseError: client no response in 4616785ms exceeding maxIdleTime 60000ms, maybe the connection is close on other side.
    at Timeout._onTimeout (/Users/feiyyx/Desktop/development/blogv2/node_modules/cluster-client/lib/leader.js:77:23)
    at listOnTimeout (node:internal/timers:557:17)
    at processTimers (node:internal/timers:500:7)
name: "ClusterClientNoResponseError"
pid: 50092
hostname: feiyiyangdeMacBook-Pro.local

2022-02-14 22:20:41,016 ERROR 50092 nodejs.ClusterClientNoResponseError: client no response in 543169ms exceeding maxIdleTime 60000ms, maybe the connection is close on other side.
    at Timeout._onTimeout (/Users/feiyyx/Desktop/development/blogv2/node_modules/cluster-client/lib/leader.js:77:23)
    at listOnTimeout (node:internal/timers:557:17)
    at processTimers (node:internal/timers:500:7)
name: "ClusterClientNoResponseError"
pid: 50092
hostname: feiyiyangdeMacBook-Pro.local

2022-02-14 22:28:30,009 ERROR 50092 nodejs.ClusterClientNoResponseError: client no response in 267767ms exceeding maxIdleTime 60000ms, maybe the connection is close on other side.
    at Timeout._onTimeout (/Users/feiyyx/Desktop/development/blogv2/node_modules/cluster-client/lib/leader.js:77:23)
    at listOnTimeout (node:internal/timers:557:17)
    at processTimers (node:internal/timers:500:7)
name: "ClusterClientNoResponseError"
pid: 50092
hostname: feiyiyangdeMacBook-Pro.local

2022-02-14 22:34:55,009 ERROR 50092 nodejs.ClusterClientNoResponseError: client no response in 224917ms exceeding maxIdleTime 60000ms, maybe the connection is close on other side.
    at Timeout._onTimeout (/Users/feiyyx/Desktop/development/blogv2/node_modules/cluster-client/lib/leader.js:77:23)
    at listOnTimeout (node:internal/timers:557:17)
    at processTimers (node:internal/timers:500:7)
name: "ClusterClientNoResponseError"
pid: 50092
hostname: feiyiyangdeMacBook-Pro.local

